2025-Jun-18 19:39:57 Наличие необходимых модулей php (check_php_modules): Ok
Все необходимые модули установлены
2025-Jun-18 19:39:57 Обязательные параметры PHP (check_php_settings): Fail
Ошибка! Значение max_input_vars должно быть не ниже 10000. Текущее значение: 3000Для гарантированной работы "1С-Битрикс24" необходимо его устанавливать на веб-окружении Битрикс, у вас используется собственное серверное окружение.
2025-Jun-18 19:39:58 Модули веб-сервера (check_security): Ok
Конфликтов не выявлено
2025-Jun-18 19:39:58 Значения переменных сервера (check_server_vars): Ok
Корректные
2025-Jun-18 19:39:58 Сохранение сессии (check_session): Ok
50% done
2025-Jun-18 19:39:59 Сохранение сессии (check_session): Ok
Успешно
2025-Jun-18 19:39:59 Параметры настройки UTF (mbstring и константа BX_UTF) (check_mbstring): Ok
Правильные. Сайт работает в UTF кодировке
2025-Jun-18 19:39:59 Служебные скрипты в корне сайта (check_install_scripts): Ok
Отсутствуют
2025-Jun-18 19:39:59 Работа с сокетами (check_socket): Ok
Connection to ssl://cq01192.tw1.ru:443	Success

Успешно
2025-Jun-18 19:39:59 Выполнение агентов на cron (check_bx_crontab): Warning
Замечание. Агенты выполняются на хитах, рекомендуется перевести выполнение агентов на cron
2025-Jun-18 19:40:00 Сервер очередей Push and Pull (check_pull_stream): Fail
Ошибка! Не настроен Push server в настройках модуля Push and Pull.
2025-Jun-18 19:40:00 Живые комментарии в ленте сообщений (check_pull_comments): Fail
Ошибка! Не настроен Push server в модуле Push and Pull, который необходим для отображения комментариев в живой ленте в реальном режиме времени
2025-Jun-18 19:40:00 Видеозвонки (check_turn): Fail
Ошибка! Не настроен Push server в модуле Push and Pull, который необходим для осуществления видеозвонков
2025-Jun-18 19:40:02 Мобильное приложение Битрикс24 (check_access_mobile): Warning
Connection to checker.internal.bitrix24.com:80	Success
== Request ==
GET /check/?license_hash=ee054a156a095bf850f0e0539a11dc45&host=cq01192.tw1.ru&port=443&https=Y HTTP/1.1
host: checker.internal.bitrix24.com


== Response ==
HTTP/1.1 200 OK
Server: nginx
Date: Wed, 18 Jun 2025 16:40:02 GMT
Content-Type: text/plain;charset=UTF-8
Transfer-Encoding: chunked
Connection: keep-alive

== Body ==
Check: OK
Status: 200
Connection: keep-alive

==========

Замечание. Не включена опция модуля Push and Pull отправки PUSH уведомлений. PUSH уведомления не будут приходить на мобильные устройства.
2025-Jun-18 19:40:02 Уведомления пользователям на мобильные устройства (push уведомления) (check_push_bitrix): Warning
Замечание. Не включена опция модуля Push and Pull отправки PUSH уведомлений. PUSH уведомления не будут приходить на мобильные устройства.
2025-Jun-18 19:40:02 Работа с документами через Google Docs и MS Office Online (check_access_docs): Ok
Успешно
2025-Jun-18 19:40:03 Битрикс24.Диск. Быстрая работа с файлами (check_fast_download): Fail
Connection to ssl://cq01192.tw1.ru:443	Success

Ошибка! Поддержка быстрой отдачи файлов через Nginx доступна, но соответствующая опция выключена в настройках главного модуля.
2025-Jun-18 19:40:03 Поиск по содержимому документов (check_search): Fail
Ошибка! Индексация по содержимому документов работает некорректно

2025-Jun-18 19:40:03 Отправка почтовых уведомлений (check_mail): Ok
Успешно
2025-Jun-18 19:40:03 Доступ к облачным сервисам 1С-Битрикс (check_ca_file): Ok
Успешно
2025-Jun-18 19:40:04 Интеграция с почтой внутри компании (check_connect_mail): Warning
Замечание. Интеграция с внешними почтовыми сервисами доступна, но ни один пользователь не выполнил настройку
2025-Jun-18 19:40:04 Интеграция с соцсетями (check_socnet): Warning
Замечание. Не настроен ни один социальный сервис в настройках модуля социальных сервисов
2025-Jun-18 19:40:04 Работа с REST API (check_rest): Ok
Успешно
2025-Jun-18 19:40:04 Публикация сообщений в живую ленту из почты (check_mail_push): Warning
Array
(
    [0] => mx2.timeweb.ru
    [1] => mx1.timeweb.ru
)

Замечание. DNS настроен неправильно, должна быть одна MX запись: mail-001.bitrix24.com (настроено: mx2.timeweb.ru).
2025-Jun-18 19:40:05 Доступ снаружи к Экстранет (check_extranet): Ok
Успешно
2025-Jun-18 19:40:05 Редактирование документов в MS Office (check_webdav): Ok
Connection to ssl://cq01192.tw1.ru:443	Success
Connection to ssl://cq01192.tw1.ru:443	Success
Connection to ssl://cq01192.tw1.ru:443	Success
Connection to ssl://cq01192.tw1.ru:443	Success
Connection to ssl://cq01192.tw1.ru:443	Success

Успешно
2025-Jun-18 19:40:06 Интеграция с внешними приложениями (MS Office, Outlook, Exchange) через безопасное подключение к порталу (check_socket_ssl): Ok
Connection to ssl://cq01192.tw1.ru:443 (certificate check enabled)	Success

Успешно
2025-Jun-18 19:40:06 Интеграция с Active Directory (check_ad): Warning
Замечание. Интеграция с AD сервером не настроена
2025-Jun-18 19:40:06 Единая авторизация в Windows сети (NTLM) (check_ntlm): Warning
Замечание. Выключена опция использования NTLM авторизации в настройках модуля ldap
2025-Jun-18 19:40:07 Оценка производительности сервера (check_perf): Fail
Connection to ssl://cq01192.tw1.ru:443	Success
Connection to ssl://cq01192.tw1.ru:443	Success
Connection to ssl://cq01192.tw1.ru:443	Success

Ошибка! Недопустимо низкая (4.70 страниц в секунду)
2025-Jun-18 19:40:08 Ускорение открытия страниц (check_compression): Ok
Connection to ssl://cq01192.tw1.ru:443	Success

Работает: используется сжатие модулем сервера
